000 (161866.000.000) 2024-04-16 14:32:32 Job submitted from host: <131.227.81.127:9618?addrs=131.227.81.127-9618&alias=aisurrey-condor.surrey.ac.uk&noUDP&sock=schedd_3128563_92e2>
...
040 (161866.000.000) 2024-04-16 14:32:35 Started transferring input files
	Transferring to host: <131.227.80.154:9618?addrs=131.227.80.154-9618&alias=aisurrey11.surrey.ac.uk&noUDP&sock=slot1_1_9678_c6c3_30309>
...
040 (161866.000.000) 2024-04-16 14:32:35 Finished transferring input files
...
001 (161866.000.000) 2024-04-16 14:32:36 Job executing on host: <131.227.80.154:9618?addrs=131.227.80.154-9618&alias=aisurrey11.surrey.ac.uk&noUDP&sock=startd_9295_2ce3>
...
006 (161866.000.000) 2024-04-16 14:32:45 Image size of job updated: 299
	299  -  MemoryUsage of job (MB)
	306468  -  ResidentSetSize of job (KB)
...
006 (161866.000.000) 2024-04-16 14:37:46 Image size of job updated: 31265
	31265  -  MemoryUsage of job (MB)
	32015528  -  ResidentSetSize of job (KB)
...
006 (161866.000.000) 2024-04-16 14:42:47 Image size of job updated: 33578
	33578  -  MemoryUsage of job (MB)
	34384456  -  ResidentSetSize of job (KB)
...
006 (161866.000.000) 2024-04-16 14:47:48 Image size of job updated: 36587
	36587  -  MemoryUsage of job (MB)
	37465652  -  ResidentSetSize of job (KB)
...
006 (161866.000.000) 2024-04-16 14:52:49 Image size of job updated: 39375
	39375  -  MemoryUsage of job (MB)
	40320136  -  ResidentSetSize of job (KB)
...
006 (161866.000.000) 2024-04-16 14:57:50 Image size of job updated: 41754
	41754  -  MemoryUsage of job (MB)
	42756956  -  ResidentSetSize of job (KB)
...
006 (161866.000.000) 2024-04-16 15:02:50 Image size of job updated: 44361
	44361  -  MemoryUsage of job (MB)
	45426372  -  ResidentSetSize of job (KB)
...
006 (161866.000.000) 2024-04-16 15:07:51 Image size of job updated: 46732
	46732  -  MemoryUsage of job (MB)
	47854468  -  ResidentSetSize of job (KB)
...
006 (161866.000.000) 2024-04-16 15:12:51 Image size of job updated: 48991
	48991  -  MemoryUsage of job (MB)
	50167172  -  ResidentSetSize of job (KB)
...
006 (161866.000.000) 2024-04-16 15:17:51 Image size of job updated: 51071
	51071  -  MemoryUsage of job (MB)
	52297132  -  ResidentSetSize of job (KB)
...
006 (161866.000.000) 2024-04-16 15:22:52 Image size of job updated: 53200
	53200  -  MemoryUsage of job (MB)
	54477536  -  ResidentSetSize of job (KB)
...
006 (161866.000.000) 2024-04-16 15:27:53 Image size of job updated: 55153
	55153  -  MemoryUsage of job (MB)
	56477336  -  ResidentSetSize of job (KB)
...
006 (161866.000.000) 2024-04-16 15:32:55 Image size of job updated: 57095
	57095  -  MemoryUsage of job (MB)
	58465848  -  ResidentSetSize of job (KB)
...
006 (161866.000.000) 2024-04-16 15:37:55 Image size of job updated: 58894
	58894  -  MemoryUsage of job (MB)
	60307728  -  ResidentSetSize of job (KB)
...
006 (161866.000.000) 2024-04-16 15:42:56 Image size of job updated: 60617
	60617  -  MemoryUsage of job (MB)
	62072028  -  ResidentSetSize of job (KB)
...
006 (161866.000.000) 2024-04-16 15:47:56 Image size of job updated: 62241
	62241  -  MemoryUsage of job (MB)
	63735500  -  ResidentSetSize of job (KB)
...
006 (161866.000.000) 2024-04-16 15:52:57 Image size of job updated: 63784
	63784  -  MemoryUsage of job (MB)
	65315380  -  ResidentSetSize of job (KB)
...
006 (161866.000.000) 2024-04-16 15:57:57 Image size of job updated: 64898
	64898  -  MemoryUsage of job (MB)
	66455764  -  ResidentSetSize of job (KB)
...
006 (161866.000.000) 2024-04-16 16:02:57 Image size of job updated: 65402
	65402  -  MemoryUsage of job (MB)
	66971856  -  ResidentSetSize of job (KB)
...
004 (161866.000.000) 2024-04-17 16:01:29 Job was evicted.
	(0) CPU times
		Usr 20 23:27:29, Sys 1 15:51:00  -  Run Remote Usage
		Usr 0 00:00:00, Sys 0 00:00:00  -  Run Local Usage
	0  -  Run Bytes Sent By Job
	367  -  Run Bytes Received By Job
	Partitionable Resources :    Usage  Request Allocated Assigned
	   Cpus                 :     0.00       32        32 
	   Disk (KB)            :    57           1    652975 
	   Gpus (Average)       :     2.92        4         4 "CUDA1,CUDA2,CUDA3,CUDA4"
	   GpusMemory (MB)      :  5446                       
	   Memory (MB)          : 65402      122880    122880 
...
009 (161866.000.000) 2024-04-17 16:01:29 Job was aborted.
	via condor_rm (by user um00109)
...
